SF:lib/databases/database.g.dart
DA:11,0
DA:36,0
DA:38,0
DA:39,0
DA:40,0
DA:41,0
DA:43,0
DA:46,0
DA:47,0
DA:48,0
DA:49,0
DA:51,0
DA:52,0
DA:54,0
DA:55,0
DA:57,0
DA:59,0
DA:60,0
DA:61,0
DA:63,0
DA:65,0
DA:66,0
DA:68,0
DA:69,0
DA:71,0
DA:76,0
DA:77,0
DA:78,0
DA:80,0
DA:81,0
DA:82,0
DA:83,0
DA:84,0
DA:85,0
DA:86,0
DA:87,0
DA:88,0
DA:89,0
DA:93,0
DA:95,0
DA:105,0
DA:110,0
DA:112,0
DA:113,0
DA:114,0
DA:115,0
DA:116,0
DA:120,0
DA:121,0
DA:122,0
DA:123,0
DA:124,0
DA:125,0
DA:129,0
DA:131,0
DA:132,0
DA:133,0
DA:134,0
DA:135,0
DA:136,0
DA:139,0
DA:141,0
DA:142,0
DA:143,0
DA:144,0
DA:145,0
DA:146,0
DA:150,0
DA:155,0
DA:156,0
DA:157,0
DA:158,0
DA:159,0
DA:161,0
DA:163,0
DA:164,0
DA:165,0
DA:166,0
DA:167,0
DA:168,0
DA:169,0
DA:172,0
DA:173,0
DA:174,0
DA:177,0
DA:178,0
DA:179,0
DA:180,0
DA:181,0
DA:189,0
DA:195,0
DA:200,0
DA:201,0
DA:202,0
DA:203,0
DA:209,0
DA:210,0
DA:211,0
DA:212,0
DA:213,0
DA:217,0
DA:222,0
DA:223,0
DA:224,0
DA:225,0
DA:226,0
DA:230,0
DA:232,0
DA:233,0
DA:234,0
DA:236,0
DA:237,0
DA:239,0
DA:240,0
DA:242,0
DA:243,0
DA:248,0
DA:250,0
DA:251,0
DA:252,0
DA:253,0
DA:254,0
DA:255,0
DA:256,0
DA:265,0
DA:283,0
DA:284,0
DA:285,0
DA:286,0
DA:287,0
DA:289,0
DA:292,0
DA:293,0
DA:294,0
DA:295,0
DA:297,0
DA:298,0
DA:299,0
DA:301,0
DA:303,0
DA:304,0
DA:305,0
DA:307,0
DA:312,0
DA:313,0
DA:314,0
DA:316,0
DA:317,0
DA:318,0
DA:319,0
DA:320,0
DA:321,0
DA:322,0
DA:323,0
DA:327,0
DA:329,0
DA:337,0
DA:339,0
DA:341,0
DA:342,0
DA:343,0
DA:344,0
DA:348,0
DA:349,0
DA:350,0
DA:351,0
DA:352,0
DA:356,0
DA:358,0
DA:359,0
DA:360,0
DA:361,0
DA:362,0
DA:365,0
DA:367,0
DA:368,0
DA:369,0
DA:370,0
DA:371,0
DA:375,0
DA:376,0
DA:377,0
DA:378,0
DA:379,0
DA:381,0
DA:383,0
DA:384,0
DA:385,0
DA:386,0
DA:387,0
DA:388,0
DA:391,0
DA:392,0
DA:393,0
DA:396,0
DA:397,0
DA:398,0
DA:399,0
DA:406,0
DA:411,0
DA:415,0
DA:416,0
DA:417,0
DA:422,0
DA:423,0
DA:424,0
DA:425,0
DA:429,0
DA:431,0
DA:432,0
DA:433,0
DA:434,0
DA:438,0
DA:440,0
DA:441,0
DA:442,0
DA:444,0
DA:445,0
DA:447,0
DA:448,0
DA:453,0
DA:455,0
DA:456,0
DA:457,0
DA:458,0
DA:459,0
DA:460,0
DA:469,0
DA:499,0
DA:501,0
DA:502,0
DA:503,0
DA:504,0
DA:506,0
DA:509,0
DA:510,0
DA:511,0
DA:512,0
DA:514,0
DA:515,0
DA:516,0
DA:518,0
DA:520,0
DA:521,0
DA:522,0
DA:524,0
DA:526,0
DA:527,0
DA:529,0
DA:530,0
DA:532,0
DA:534,0
DA:535,0
DA:537,0
DA:538,0
DA:540,0
DA:545,0
DA:546,0
DA:547,0
DA:549,0
DA:550,0
DA:551,0
DA:552,0
DA:553,0
DA:554,0
DA:555,0
DA:556,0
DA:557,0
DA:558,0
DA:559,0
DA:560,0
DA:564,0
DA:566,0
DA:576,0
DA:582,0
DA:584,0
DA:585,0
DA:586,0
DA:587,0
DA:588,0
DA:589,0
DA:593,0
DA:594,0
DA:595,0
DA:596,0
DA:597,0
DA:598,0
DA:599,0
DA:603,0
DA:605,0
DA:606,0
DA:607,0
DA:608,0
DA:609,0
DA:610,0
DA:611,0
DA:614,0
DA:616,0
DA:617,0
DA:618,0
DA:619,0
DA:620,0
DA:621,0
DA:622,0
DA:626,0
DA:632,0
DA:633,0
DA:634,0
DA:635,0
DA:636,0
DA:637,0
DA:639,0
DA:641,0
DA:642,0
DA:643,0
DA:644,0
DA:645,0
DA:646,0
DA:647,0
DA:648,0
DA:651,0
DA:652,0
DA:653,0
DA:656,0
DA:657,0
DA:658,0
DA:659,0
DA:660,0
DA:661,0
DA:670,0
DA:677,0
DA:683,0
DA:684,0
DA:685,0
DA:686,0
DA:687,0
DA:694,0
DA:695,0
DA:696,0
DA:697,0
DA:698,0
DA:699,0
DA:703,0
DA:709,0
DA:710,0
DA:711,0
DA:712,0
DA:713,0
DA:714,0
DA:718,0
DA:720,0
DA:721,0
DA:722,0
DA:724,0
DA:725,0
DA:727,0
DA:728,0
DA:730,0
DA:731,0
DA:733,0
DA:734,0
DA:739,0
DA:741,0
DA:742,0
DA:743,0
DA:744,0
DA:745,0
DA:746,0
DA:747,0
DA:748,0
DA:757,0
DA:800,0
DA:802,0
DA:803,0
DA:804,0
DA:805,0
DA:807,0
DA:810,0
DA:811,0
DA:812,0
DA:813,0
DA:815,0
DA:816,0
DA:817,0
DA:819,0
DA:821,0
DA:822,0
DA:824,0
DA:825,0
DA:827,0
DA:829,0
DA:830,0
DA:832,0
DA:833,0
DA:835,0
DA:837,0
DA:838,0
DA:839,0
DA:841,0
DA:843,0
DA:844,0
DA:845,0
DA:847,0
DA:849,0
DA:850,0
DA:852,0
DA:853,0
DA:855,0
DA:860,0
DA:861,0
DA:862,0
DA:864,0
DA:865,0
DA:866,0
DA:867,0
DA:868,0
DA:869,0
DA:870,0
DA:871,0
DA:872,0
DA:873,0
DA:874,0
DA:875,0
DA:876,0
DA:877,0
DA:878,0
DA:879,0
DA:883,0
DA:885,0
DA:897,0
DA:905,0
DA:907,0
DA:908,0
DA:909,0
DA:910,0
DA:911,0
DA:912,0
DA:913,0
DA:914,0
DA:918,0
DA:919,0
DA:920,0
DA:921,0
DA:922,0
DA:923,0
DA:924,0
DA:925,0
DA:926,0
DA:930,0
DA:932,0
DA:933,0
DA:934,0
DA:935,0
DA:936,0
DA:937,0
DA:938,0
DA:939,0
DA:940,0
DA:943,0
DA:945,0
DA:946,0
DA:947,0
DA:948,0
DA:949,0
DA:950,0
DA:951,0
DA:952,0
DA:953,0
DA:957,0
DA:965,0
DA:966,0
DA:967,0
DA:968,0
DA:969,0
DA:970,0
DA:971,0
DA:972,0
DA:974,0
DA:976,0
DA:977,0
DA:978,0
DA:979,0
DA:980,0
DA:981,0
DA:982,0
DA:983,0
DA:984,0
DA:985,0
DA:988,0
DA:989,0
DA:990,0
DA:991,0
DA:994,0
DA:995,0
DA:996,0
DA:997,0
DA:998,0
DA:999,0
DA:1000,0
DA:1001,0
DA:1012,0
DA:1021,0
DA:1029,0
DA:1030,0
DA:1031,0
DA:1032,0
DA:1033,0
DA:1034,0
DA:1035,0
DA:1044,0
DA:1045,0
DA:1046,0
DA:1047,0
DA:1048,0
DA:1049,0
DA:1050,0
DA:1051,0
DA:1055,0
DA:1063,0
DA:1064,0
DA:1065,0
DA:1066,0
DA:1067,0
DA:1068,0
DA:1069,0
DA:1070,0
DA:1074,0
DA:1076,0
DA:1077,0
DA:1078,0
DA:1080,0
DA:1081,0
DA:1083,0
DA:1084,0
DA:1086,0
DA:1087,0
DA:1089,0
DA:1090,0
DA:1092,0
DA:1093,0
DA:1095,0
DA:1096,0
DA:1101,0
DA:1103,0
DA:1104,0
DA:1105,0
DA:1106,0
DA:1107,0
DA:1108,0
DA:1109,0
DA:1110,0
DA:1111,0
DA:1112,0
DA:1121,0
DA:1145,0
DA:1146,0
DA:1147,0
DA:1148,0
DA:1149,0
DA:1151,0
DA:1154,0
DA:1155,0
DA:1156,0
DA:1157,0
DA:1159,0
DA:1160,0
DA:1161,0
DA:1163,0
DA:1165,0
DA:1166,0
DA:1167,0
DA:1169,0
DA:1171,0
DA:1172,0
DA:1173,0
DA:1175,0
DA:1180,0
DA:1181,0
DA:1182,0
DA:1184,0
DA:1185,0
DA:1186,0
DA:1187,0
DA:1188,0
DA:1189,0
DA:1190,0
DA:1191,0
DA:1192,0
DA:1193,0
DA:1197,0
DA:1199,0
DA:1208,0
DA:1213,0
DA:1215,0
DA:1216,0
DA:1217,0
DA:1218,0
DA:1219,0
DA:1223,0
DA:1224,0
DA:1225,0
DA:1226,0
DA:1227,0
DA:1228,0
DA:1232,0
DA:1234,0
DA:1235,0
DA:1236,0
DA:1237,0
DA:1238,0
DA:1239,0
DA:1242,0
DA:1244,0
DA:1245,0
DA:1246,0
DA:1247,0
DA:1248,0
DA:1249,0
DA:1253,0
DA:1255,0
DA:1256,0
DA:1257,0
DA:1258,0
DA:1259,0
DA:1261,0
DA:1263,0
DA:1264,0
DA:1265,0
DA:1266,0
DA:1267,0
DA:1268,0
DA:1269,0
DA:1272,0
DA:1273,0
DA:1274,0
DA:1277,0
DA:1278,0
DA:1279,0
DA:1280,0
DA:1281,0
DA:1289,0
DA:1295,0
DA:1300,0
DA:1301,0
DA:1302,0
DA:1303,0
DA:1309,0
DA:1310,0
DA:1311,0
DA:1312,0
DA:1313,0
DA:1317,0
DA:1322,0
DA:1323,0
DA:1324,0
DA:1325,0
DA:1326,0
DA:1330,0
DA:1332,0
DA:1333,0
DA:1334,0
DA:1336,0
DA:1337,0
DA:1339,0
DA:1340,0
DA:1342,0
DA:1343,0
DA:1348,0
DA:1350,0
DA:1351,0
DA:1352,0
DA:1353,0
DA:1354,0
DA:1355,0
DA:1356,0
DA:1365,0
DA:1389,0
DA:1390,0
DA:1391,0
DA:1392,0
DA:1393,0
DA:1395,0
DA:1398,0
DA:1399,0
DA:1400,0
DA:1401,0
DA:1403,0
DA:1404,0
DA:1405,0
DA:1407,0
DA:1409,0
DA:1410,0
DA:1411,0
DA:1413,0
DA:1415,0
DA:1416,0
DA:1417,0
DA:1419,0
DA:1424,0
DA:1425,0
DA:1426,0
DA:1428,0
DA:1429,0
DA:1430,0
DA:1431,0
DA:1432,0
DA:1433,0
DA:1434,0
DA:1435,0
DA:1436,0
DA:1437,0
DA:1441,0
DA:1443,0
DA:1452,0
DA:1457,0
DA:1459,0
DA:1460,0
DA:1461,0
DA:1462,0
DA:1463,0
DA:1467,0
DA:1468,0
DA:1469,0
DA:1470,0
DA:1471,0
DA:1472,0
DA:1476,0
DA:1478,0
DA:1479,0
DA:1480,0
DA:1481,0
DA:1482,0
DA:1483,0
DA:1486,0
DA:1488,0
DA:1489,0
DA:1490,0
DA:1491,0
DA:1492,0
DA:1493,0
DA:1497,0
DA:1499,0
DA:1500,0
DA:1501,0
DA:1502,0
DA:1503,0
DA:1505,0
DA:1507,0
DA:1508,0
DA:1509,0
DA:1510,0
DA:1511,0
DA:1512,0
DA:1513,0
DA:1516,0
DA:1517,0
DA:1518,0
DA:1521,0
DA:1522,0
DA:1523,0
DA:1524,0
DA:1525,0
DA:1533,0
DA:1539,0
DA:1544,0
DA:1545,0
DA:1546,0
DA:1547,0
DA:1553,0
DA:1554,0
DA:1555,0
DA:1556,0
DA:1557,0
DA:1561,0
DA:1566,0
DA:1567,0
DA:1568,0
DA:1569,0
DA:1570,0
DA:1574,0
DA:1576,0
DA:1577,0
DA:1578,0
DA:1580,0
DA:1581,0
DA:1583,0
DA:1584,0
DA:1586,0
DA:1587,0
DA:1592,0
DA:1594,0
DA:1595,0
DA:1596,0
DA:1597,0
DA:1598,0
DA:1599,0
DA:1600,0
DA:1609,0
DA:1633,0
DA:1634,0
DA:1635,0
DA:1636,0
DA:1637,0
DA:1639,0
DA:1643,0
DA:1644,0
DA:1645,0
DA:1646,0
DA:1648,0
DA:1649,0
DA:1650,0
DA:1652,0
DA:1654,0
DA:1655,0
DA:1656,0
DA:1658,0
DA:1660,0
DA:1661,0
DA:1662,0
DA:1664,0
DA:1669,0
DA:1670,0
DA:1671,0
DA:1673,0
DA:1674,0
DA:1675,0
DA:1676,0
DA:1677,0
DA:1678,0
DA:1679,0
DA:1680,0
DA:1681,0
DA:1682,0
DA:1686,0
DA:1688,0
DA:1698,0
DA:1703,0
DA:1705,0
DA:1706,0
DA:1707,0
DA:1708,0
DA:1709,0
DA:1713,0
DA:1714,0
DA:1715,0
DA:1716,0
DA:1717,0
DA:1718,0
DA:1722,0
DA:1724,0
DA:1725,0
DA:1726,0
DA:1727,0
DA:1728,0
DA:1729,0
DA:1732,0
DA:1734,0
DA:1735,0
DA:1736,0
DA:1737,0
DA:1738,0
DA:1739,0
DA:1743,0
DA:1745,0
DA:1746,0
DA:1747,0
DA:1748,0
DA:1749,0
DA:1751,0
DA:1753,0
DA:1754,0
DA:1755,0
DA:1756,0
DA:1757,0
DA:1758,0
DA:1759,0
DA:1762,0
DA:1763,0
DA:1764,0
DA:1767,0
DA:1768,0
DA:1769,0
DA:1770,0
DA:1771,0
DA:1780,0
DA:1786,0
DA:1791,0
DA:1792,0
DA:1793,0
DA:1794,0
DA:1800,0
DA:1801,0
DA:1802,0
DA:1803,0
DA:1804,0
DA:1808,0
DA:1813,0
DA:1814,0
DA:1815,0
DA:1816,0
DA:1817,0
DA:1821,0
DA:1823,0
DA:1824,0
DA:1825,0
DA:1827,0
DA:1828,0
DA:1830,0
DA:1831,0
DA:1833,0
DA:1834,0
DA:1839,0
DA:1841,0
DA:1842,0
DA:1843,0
DA:1844,0
DA:1845,0
DA:1846,0
DA:1847,0
DA:1856,0
DA:1881,0
DA:1882,0
DA:1883,0
DA:1884,0
DA:1885,0
DA:1887,0
DA:1890,0
DA:1891,0
DA:1892,0
DA:1893,0
DA:1895,0
DA:1896,0
DA:1897,0
DA:1899,0
DA:1901,0
DA:1902,0
DA:1904,0
DA:1905,0
DA:1907,0
DA:1909,0
DA:1910,0
DA:1911,0
DA:1913,0
DA:1918,0
DA:1919,0
DA:1920,0
DA:1922,0
DA:1923,0
DA:1924,0
DA:1925,0
DA:1926,0
DA:1927,0
DA:1928,0
DA:1929,0
DA:1930,0
DA:1931,0
DA:1935,0
DA:1937,0
DA:1946,0
DA:1951,0
DA:1953,0
DA:1954,0
DA:1955,0
DA:1956,0
DA:1957,0
DA:1961,0
DA:1962,0
DA:1963,0
DA:1964,0
DA:1965,0
DA:1966,0
DA:1970,0
DA:1972,0
DA:1973,0
DA:1974,0
DA:1975,0
DA:1976,0
DA:1977,0
DA:1980,0
DA:1982,0
DA:1983,0
DA:1984,0
DA:1985,0
DA:1986,0
DA:1987,0
DA:1991,0
DA:1993,0
DA:1994,0
DA:1995,0
DA:1996,0
DA:1997,0
DA:1999,0
DA:2001,0
DA:2002,0
DA:2003,0
DA:2004,0
DA:2005,0
DA:2006,0
DA:2007,0
DA:2010,0
DA:2011,0
DA:2012,0
DA:2015,0
DA:2016,0
DA:2017,0
DA:2018,0
DA:2019,0
DA:2027,0
DA:2033,0
DA:2038,0
DA:2039,0
DA:2040,0
DA:2041,0
DA:2047,0
DA:2048,0
DA:2049,0
DA:2050,0
DA:2051,0
DA:2055,0
DA:2060,0
DA:2061,0
DA:2062,0
DA:2063,0
DA:2064,0
DA:2068,0
DA:2070,0
DA:2071,0
DA:2072,0
DA:2074,0
DA:2075,0
DA:2077,0
DA:2078,0
DA:2080,0
DA:2081,0
DA:2086,0
DA:2088,0
DA:2089,0
DA:2090,0
DA:2091,0
DA:2092,0
DA:2093,0
DA:2094,0
DA:2103,0
DA:2121,0
DA:2122,0
DA:2123,0
DA:2124,0
DA:2125,0
DA:2127,0
DA:2130,0
DA:2131,0
DA:2132,0
DA:2133,0
DA:2135,0
DA:2137,0
DA:2138,0
DA:2139,0
DA:2141,0
DA:2143,0
DA:2144,0
DA:2145,0
DA:2147,0
DA:2152,0
DA:2153,0
DA:2154,0
DA:2156,0
DA:2157,0
DA:2158,0
DA:2159,0
DA:2160,0
DA:2161,0
DA:2162,0
DA:2163,0
DA:2167,0
DA:2169,0
DA:2177,1
DA:2178,0
DA:2180,0
DA:2181,0
DA:2182,0
DA:2183,0
DA:2187,0
DA:2188,0
DA:2189,0
DA:2190,0
DA:2191,0
DA:2195,0
DA:2197,0
DA:2198,0
DA:2199,0
DA:2200,0
DA:2201,0
DA:2204,0
DA:2206,0
DA:2207,0
DA:2208,0
DA:2209,0
DA:2210,0
DA:2214,0
DA:2215,0
DA:2216,0
DA:2217,0
DA:2219,0
DA:2221,0
DA:2222,0
DA:2223,0
DA:2224,0
DA:2225,0
DA:2226,0
DA:2229,0
DA:2230,0
DA:2231,0
DA:2234,0
DA:2235,0
DA:2236,0
DA:2237,0
DA:2245,0
DA:2251,0
DA:2256,0
DA:2257,0
DA:2258,0
DA:2259,0
DA:2265,0
DA:2266,0
DA:2267,0
DA:2268,0
DA:2269,0
DA:2273,0
DA:2278,0
DA:2279,0
DA:2280,0
DA:2281,0
DA:2282,0
DA:2286,0
DA:2288,0
DA:2289,0
DA:2290,0
DA:2292,0
DA:2293,0
DA:2295,0
DA:2296,0
DA:2298,0
DA:2299,0
DA:2304,0
DA:2306,0
DA:2307,0
DA:2308,0
DA:2309,0
DA:2310,0
DA:2311,0
DA:2312,0
DA:2317,0
DA:2331,0
DA:2333,0
DA:2334,0
DA:2335,0
DA:2336,0
DA:2337,0
DA:2338,0
DA:2339,0
DA:2340,0
DA:2341,0
DA:2342,0
DA:2343,0
DA:2344,0
LF:1165
LH:1
end_of_record
SF:lib/databases/database.dart
DA:19,0
DA:21,0
DA:25,0
DA:26,0
DA:28,0
DA:29,0
DA:32,0
DA:33,0
DA:34,0
DA:39,0
DA:40,0
DA:42,0
DA:43,0
DA:44,0
DA:49,0
DA:51,0
DA:52,0
DA:53,0
DA:58,0
DA:60,0
DA:61,0
DA:63,0
DA:64,0
DA:67,0
DA:68,0
DA:69,0
DA:74,0
DA:75,0
DA:77,0
DA:78,0
DA:79,0
DA:82,0
DA:83,0
DA:87,0
DA:89,0
DA:90,0
DA:92,0
DA:93,0
DA:96,0
DA:97,0
DA:99,0
DA:100,0
DA:102,0
DA:103,0
DA:106,0
DA:107,0
DA:108,0
DA:109,0
DA:111,0
DA:113,0
DA:115,0
DA:116,0
DA:117,0
DA:123,0
DA:125,0
DA:126,0
DA:127,0
DA:128,0
DA:129,0
LF:59
LH:0
end_of_record
SF:lib/services/genres_service/genres_service.dart
DA:12,0
DA:13,0
DA:14,0
DA:15,0
DA:23,0
DA:25,0
DA:27,0
DA:35,0
DA:36,0
DA:37,0
DA:38,0
DA:39,0
DA:40,0
DA:41,0
DA:43,0
DA:45,0
DA:50,0
DA:51,0
DA:53,0
DA:54,0
DA:56,0
DA:60,0
DA:61,0
DA:62,0
DA:64,0
DA:68,0
DA:69,0
DA:70,0
LF:28
LH:0
end_of_record
SF:lib/services/genres_service/genres_service.chopper.dart
DA:11,0
DA:13,0
DA:19,0
DA:21,0
DA:23,0
DA:26,0
DA:28,0
LF:7
LH:0
end_of_record
SF:lib/databases/connection/native.dart
DA:9,0
DA:11,0
DA:12,0
DA:13,0
DA:17,0
DA:18,0
DA:19,0
LF:7
LH:0
end_of_record
SF:lib/databases/tables.dart
DA:5,0
DA:6,0
DA:7,0
DA:8,0
DA:9,0
DA:10,0
DA:15,0
DA:16,0
DA:17,0
DA:18,0
DA:19,0
DA:24,0
DA:25,0
DA:26,0
DA:27,0
DA:28,0
DA:29,0
DA:30,0
DA:35,0
DA:36,0
DA:37,0
DA:38,0
DA:39,0
DA:40,0
DA:41,0
DA:42,0
DA:43,0
DA:48,0
DA:49,0
DA:50,0
DA:51,0
DA:52,0
DA:53,0
DA:58,0
DA:59,0
DA:60,0
DA:61,0
DA:62,0
DA:63,0
DA:69,0
DA:70,0
DA:71,0
DA:72,0
DA:73,0
DA:74,0
DA:79,0
DA:80,0
DA:81,0
DA:82,0
DA:84,0
DA:85,0
DA:89,0
DA:90,0
DA:91,0
DA:93,0
DA:94,0
LF:56
LH:0
end_of_record
SF:lib/models/detail_album/detail_album_model.dart
DA:14,0
DA:15,0
DA:22,0
DA:23,0
DA:36,0
LF:5
LH:0
end_of_record
SF:lib/models/detail_album/detail_album_model.g.dart
DA:9,0
DA:11,0
DA:12,0
DA:13,0
DA:14,0
DA:17,0
DA:19,0
DA:20,0
DA:23,0
DA:24,0
DA:25,0
DA:28,0
DA:29,0
DA:30,0
DA:33,0
DA:34,0
DA:35,0
DA:36,0
DA:37,0
DA:38,0
DA:39,0
DA:42,0
DA:43,0
DA:44,0
DA:45,0
DA:46,0
DA:47,0
DA:48,0
LF:28
LH:0
end_of_record
SF:lib/models/favorite_song_model.dart
DA:7,0
LF:1
LH:0
end_of_record
SF:lib/models/genres_model/genres_model.dart
DA:11,0
DA:12,0
DA:19,0
DA:20,0
DA:30,0
DA:39,0
LF:6
LH:0
end_of_record
SF:lib/models/genres_model/genres_model.g.dart
DA:9,0
DA:10,0
DA:11,0
DA:14,0
DA:15,0
DA:16,0
DA:19,0
DA:20,0
DA:21,0
DA:22,0
DA:25,0
DA:26,0
DA:27,0
DA:30,0
DA:31,0
DA:32,0
DA:33,0
DA:34,0
DA:35,0
DA:38,0
DA:39,0
DA:40,0
DA:41,0
DA:44,0
DA:45,0
DA:48,0
DA:49,0
LF:27
LH:0
end_of_record
SF:lib/models/home_screen_data/favourite_artist_model/favourite_artist_model.dart
DA:13,0
DA:14,0
DA:21,0
DA:22,0
DA:32,0
LF:5
LH:0
end_of_record
SF:lib/models/home_screen_data/favourite_artist_model/favourite_artist_model.g.dart
DA:9,0
DA:11,0
DA:12,0
DA:13,0
DA:14,0
DA:17,0
DA:19,0
DA:20,0
DA:23,0
DA:24,0
DA:27,0
DA:28,0
DA:29,0
DA:32,0
DA:33,0
DA:34,0
DA:35,0
DA:38,0
DA:39,0
DA:40,0
DA:41,0
LF:21
LH:0
end_of_record
SF:lib/models/home_screen_data/home_screen_data.dart
DA:13,0
DA:14,0
DA:21,0
DA:22,0
DA:33,0
LF:5
LH:0
end_of_record
SF:lib/models/home_screen_data/home_screen_data.g.dart
DA:9,0
DA:11,0
DA:12,0
DA:13,0
DA:14,0
DA:17,0
DA:19,0
DA:20,0
DA:23,0
DA:24,0
DA:25,0
DA:28,0
DA:29,0
DA:30,0
DA:33,0
DA:34,0
DA:35,0
DA:36,0
DA:37,0
DA:40,0
DA:41,0
DA:42,0
DA:43,0
DA:44,0
LF:24
LH:0
end_of_record
SF:lib/models/song_model/song_model.dart
DA:14,0
DA:15,0
DA:26,0
DA:27,0
LF:4
LH:0
end_of_record
SF:lib/models/song_model/song_model.g.dart
DA:9,0
DA:11,0
DA:12,0
DA:15,0
DA:17,0
DA:18,0
DA:21,0
DA:22,0
DA:23,0
DA:24,0
DA:25,0
DA:28,0
DA:29,0
DA:30,0
DA:31,0
DA:32,0
LF:16
LH:0
end_of_record
SF:lib/models/search_result/search_result_model.dart
DA:14,0
DA:15,0
DA:24,0
DA:36,0
LF:4
LH:0
end_of_record
SF:lib/models/search_result/search_result_model.g.dart
DA:9,0
DA:11,0
DA:12,0
DA:13,0
DA:14,0
DA:17,0
DA:19,0
DA:20,0
DA:23,0
DA:24,0
DA:27,0
DA:28,0
DA:31,0
DA:32,0
DA:33,0
DA:34,0
DA:35,0
DA:38,0
DA:39,0
DA:40,0
DA:41,0
DA:42,0
LF:22
LH:0
end_of_record
SF:lib/models/recently_played_model/recently_played_model.dart
DA:13,0
DA:14,0
DA:21,0
DA:22,0
DA:33,0
LF:5
LH:0
end_of_record
SF:lib/models/recently_played_model/recently_played_model.g.dart
DA:9,0
DA:11,0
DA:12,0
DA:13,0
DA:14,0
DA:17,0
DA:19,0
DA:20,0
DA:23,0
DA:25,0
DA:26,0
DA:29,0
DA:31,0
DA:32,0
DA:35,0
DA:36,0
DA:37,0
DA:38,0
DA:39,0
DA:42,0
DA:43,0
DA:44,0
DA:45,0
DA:46,0
LF:24
LH:0
end_of_record
SF:lib/services/albums_detail/album_details_service.dart
DA:10,0
DA:11,0
DA:12,0
DA:13,0
DA:24,0
DA:26,0
DA:28,0
DA:30,0
DA:33,0
DA:35,0
DA:37,0
DA:38,0
DA:39,0
DA:40,0
DA:41,0
DA:42,0
DA:43,0
DA:44,0
DA:45,0
DA:46,0
DA:48,0
LF:21
LH:0
end_of_record
SF:lib/services/albums_detail/album_details_service.chopper.dart
DA:11,0
DA:13,0
DA:19,0
DA:21,0
DA:23,0
DA:24,0
DA:27,0
DA:30,0
LF:8
LH:0
end_of_record
SF:lib/services/json_serializable.dart
DA:7,0
DA:18,0
DA:21,0
DA:24,0
DA:27,0
DA:28,0
DA:29,0
DA:33,0
DA:36,0
DA:40,0
DA:41,0
DA:42,0
DA:45,0
DA:49,0
DA:53,0
DA:57,0
DA:58,0
DA:64,0
DA:65,0
DA:66,0
DA:67,0
DA:70,0
DA:73,0
DA:74,0
LF:24
LH:0
end_of_record
SF:lib/services/header_info.dart
DA:6,0
DA:8,0
DA:10,0
LF:3
LH:0
end_of_record
SF:lib/services/home_screen_service/home_service.dart
DA:14,0
DA:15,0
DA:16,0
DA:17,0
DA:35,0
DA:37,0
DA:39,0
DA:40,0
DA:41,0
DA:42,0
DA:43,0
DA:44,0
DA:46,0
DA:48,0
DA:53,0
DA:54,0
DA:57,0
DA:58,0
DA:60,0
DA:64,0
DA:66,0
DA:68,0
DA:76,0
DA:78,0
DA:79,0
DA:80,0
DA:81,0
DA:82,0
DA:83,0
DA:85,0
DA:87,0
DA:92,0
DA:93,0
DA:96,0
DA:97,0
DA:99,0
DA:103,0
DA:105,0
DA:107,0
DA:115,0
DA:117,0
DA:118,0
DA:119,0
DA:120,0
DA:121,0
DA:122,0
DA:123,0
DA:124,0
DA:126,0
DA:128,0
DA:133,0
DA:134,0
DA:137,0
DA:138,0
DA:139,0
DA:140,0
DA:141,0
DA:144,0
DA:145,0
DA:146,0
DA:147,0
DA:148,0
DA:149,0
DA:152,0
DA:155,0
DA:156,0
DA:159,0
DA:161,0
LF:68
LH:0
end_of_record
SF:lib/services/home_screen_service/home_service.chopper.dart
DA:11,0
DA:13,0
DA:19,0
DA:22,0
DA:23,0
DA:26,0
DA:28,0
DA:29,0
DA:32,0
DA:34,0
DA:36,0
DA:39,0
DA:41,0
DA:42,0
DA:45,0
DA:51,0
DA:52,0
DA:56,0
DA:59,0
DA:62,0
LF:20
LH:0
end_of_record
SF:lib/services/home_screen_service/home_service_pagination.dart
DA:16,0
DA:18,0
DA:19,0
DA:20,0
DA:24,0
DA:26,0
DA:27,0
DA:28,0
DA:30,0
LF:9
LH:0
end_of_record
SF:lib/services/song_detail/song_service.chopper.dart
DA:11,0
DA:13,0
DA:19,0
DA:22,0
DA:23,0
DA:24,0
DA:27,0
DA:30,0
LF:8
LH:0
end_of_record
SF:lib/services/song_detail/song_service.dart
DA:10,0
DA:11,0
DA:12,0
DA:13,0
DA:24,0
DA:26,0
DA:27,0
DA:30,0
DA:34,0
DA:35,0
DA:36,0
DA:37,0
DA:38,0
DA:39,0
DA:40,0
DA:42,0
LF:16
LH:0
end_of_record
